[DEBUG][20-05-23 11:05:06][org.apache.ibatis.logging.LogFactory]Logging initialized using 'class org.apache.ibatis.logging.log4j.Log4jImpl' adapter.
[DEBUG][20-05-23 11:05:06][org.mybatis.spring.SqlSessionUtils]Creating a new SqlSession
[DEBUG][20-05-23 11:05:06][org.mybatis.spring.SqlSessionUtils]SqlSession [org.apache.ibatis.session.defaults.DefaultSqlSession@13330ac6] was not registered for synchronization because synchronization is not active
[INFO][20-05-23 11:05:06][com.alibaba.druid.pool.DruidDataSource]{dataSource-1} inited
[DEBUG][20-05-23 11:05:06][org.mybatis.spring.transaction.SpringManagedTransaction]JDBC Connection [com.mysql.jdbc.JDBC4Connection@2f40e5db] will not be managed by Spring
[DEBUG][20-05-23 11:05:06][com.tao.dao.Usermapper.UserMapper1.findById]==>  Preparing: select * from users where id=? 
[DEBUG][20-05-23 11:05:06][com.tao.dao.Usermapper.UserMapper1.findById]==> Parameters: 3(Integer)
[DEBUG][20-05-23 11:05:06][com.tao.dao.Usermapper.UserMapper1.findById]<==      Total: 1
[DEBUG][20-05-23 11:05:06][org.mybatis.spring.SqlSessionUtils]Closing non transactional SqlSession [org.apache.ibatis.session.defaults.DefaultSqlSession@13330ac6]
[INFO][20-05-23 11:05:06][com.alibaba.druid.pool.DruidDataSource]{dataSource-1} closed
[DEBUG][20-05-23 11:13:48][org.apache.ibatis.logging.LogFactory]Logging initialized using 'class org.apache.ibatis.logging.log4j.Log4jImpl' adapter.
[DEBUG][20-05-23 11:13:48][org.mybatis.spring.SqlSessionUtils]Creating a new SqlSession
[DEBUG][20-05-23 11:13:48][org.mybatis.spring.SqlSessionUtils]SqlSession [org.apache.ibatis.session.defaults.DefaultSqlSession@13330ac6] was not registered for synchronization because synchronization is not active
[INFO][20-05-23 11:13:48][com.alibaba.druid.pool.DruidDataSource]{dataSource-1} inited
[DEBUG][20-05-23 11:13:49][org.mybatis.spring.transaction.SpringManagedTransaction]JDBC Connection [com.mysql.jdbc.JDBC4Connection@2f40e5db] will not be managed by Spring
[DEBUG][20-05-23 11:13:49][com.tao.dao.Usermapper.UserMapper1.findById]==>  Preparing: select * from users where id=? 
[DEBUG][20-05-23 11:13:49][com.tao.dao.Usermapper.UserMapper1.findById]==> Parameters: 3(Integer)
[DEBUG][20-05-23 11:13:49][com.tao.dao.Usermapper.UserMapper1.findById]<==      Total: 1
[DEBUG][20-05-23 11:13:49][org.mybatis.spring.SqlSessionUtils]Closing non transactional SqlSession [org.apache.ibatis.session.defaults.DefaultSqlSession@13330ac6]
[INFO][20-05-23 11:13:49][com.alibaba.druid.pool.DruidDataSource]{dataSource-1} closed
